  [1m[35m (185.7ms)[0m  [1m[35mCREATE DATABASE "fearless_test_development" ENCODING = 'unicode'[0m
  [1m[35m (63.3ms)[0m  [1m[35mCREATE TABLE "schema_migrations" ("version" character varying NOT NULL PRIMARY KEY)[0m
  [1m[35m (17.3ms)[0m  [1m[35mCREATE TABLE "ar_internal_metadata" ("key" character varying NOT NULL PRIMARY KEY, "value" character varying, "created_at" timestamp(6) NOT NULL, "updated_at" timestamp(6) NOT NULL)[0m
  [1m[35m (0.4ms)[0m  [1m[34mSELECT pg_try_advisory_lock(6314386707913811100)[0m
  [1m[36mActiveRecord::SchemaMigration Pluck (1.5ms)[0m  [1m[34mSELECT "schema_migrations"."version" FROM "schema_migrations" ORDER BY "schema_migrations"."version" ASC[0m
  [1m[36mActiveRecord::InternalMetadata Load (0.7ms)[0m  [1m[34mSELECT "ar_internal_metadata".* FROM "ar_internal_metadata" WHERE "ar_internal_metadata"."key" = $1 LIMIT $2[0m  [["key", "environment"], ["LIMIT", 1]]
  [1m[36mTRANSACTION (0.4ms)[0m  [1m[35mBEGIN[0m
  [1m[36mActiveRecord::InternalMetadata Create (2.9ms)[0m  [1m[32mINSERT INTO "ar_internal_metadata" ("key", "value", "created_at", "updated_at") VALUES ($1, $2, $3, $4) RETURNING "key"[0m  [["key", "environment"], ["value", "development"], ["created_at", "2022-08-11 15:34:54.210658"], ["updated_at", "2022-08-11 15:34:54.210658"]]
  [1m[36mTRANSACTION (0.5ms)[0m  [1m[35mCOMMIT[0m
  [1m[35m (1.0ms)[0m  [1m[34mSELECT pg_advisory_unlock(6314386707913811100)[0m
  [1m[36mActiveRecord::SchemaMigration Pluck (1.0ms)[0m  [1m[34mSELECT "schema_migrations"."version" FROM "schema_migrations" ORDER BY "schema_migrations"."version" ASC[0m
  [1m[35m (0.5ms)[0m  [1m[34mSELECT pg_try_advisory_lock(6314386707913811100)[0m
  [1m[36mActiveRecord::SchemaMigration Pluck (1.5ms)[0m  [1m[34mSELECT "schema_migrations"."version" FROM "schema_migrations" ORDER BY "schema_migrations"."version" ASC[0m
Migrating to AddItems (20220811153519)
  [1m[36mTRANSACTION (0.2ms)[0m  [1m[35mBEGIN[0m
  [1m[35m (85.6ms)[0m  [1m[35mCREATE TABLE "items" ("id" bigserial primary key, "name" character varying, "created_at" timestamp(6) NOT NULL, "updated_at" timestamp(6) NOT NULL)[0m
  [1m[36mActiveRecord::SchemaMigration Create (3.2ms)[0m  [1m[32mINSERT INTO "schema_migrations" ("version") VALUES ($1) RETURNING "version"[0m  [["version", "20220811153519"]]
  [1m[36mTRANSACTION (0.9ms)[0m  [1m[35mCOMMIT[0m
  [1m[36mActiveRecord::InternalMetadata Load (0.5ms)[0m  [1m[34mSELECT "ar_internal_metadata".* FROM "ar_internal_metadata" WHERE "ar_internal_metadata"."key" = $1 LIMIT $2[0m  [["key", "environment"], ["LIMIT", 1]]
  [1m[35m (0.3ms)[0m  [1m[34mSELECT pg_advisory_unlock(6314386707913811100)[0m
  [1m[36mActiveRecord::SchemaMigration Pluck (0.9ms)[0m  [1m[34mSELECT "schema_migrations"."version" FROM "schema_migrations" ORDER BY "schema_migrations"."version" ASC[0m
Started GET "/" for ::1 at 2022-08-11 11:38:43 -0400
  [1m[36mActiveRecord::SchemaMigration Pluck (1.6ms)[0m  [1m[34mSELECT "schema_migrations"."version" FROM "schema_migrations" ORDER BY "schema_migrations"."version" ASC[0m
Processing by Rails::WelcomeController#index as HTML
  Rendering /Users/jcurcio/.rvm/gems/ruby-3.1.2/gems/railties-7.0.3.1/lib/rails/templates/rails/welcome/index.html.erb
  Rendered /Users/jcurcio/.rvm/gems/ruby-3.1.2/gems/railties-7.0.3.1/lib/rails/templates/rails/welcome/index.html.erb (Duration: 2.1ms | Allocations: 658)
Completed 200 OK in 17ms (Views: 6.5ms | ActiveRecord: 0.0ms | Allocations: 5114)


Started GET "/" for ::1 at 2022-08-11 11:39:58 -0400
Processing by Rails::WelcomeController#index as HTML
  Rendering /Users/jcurcio/.rvm/gems/ruby-3.1.2/gems/railties-7.0.3.1/lib/rails/templates/rails/welcome/index.html.erb
  Rendered /Users/jcurcio/.rvm/gems/ruby-3.1.2/gems/railties-7.0.3.1/lib/rails/templates/rails/welcome/index.html.erb (Duration: 0.9ms | Allocations: 324)
Completed 200 OK in 5ms (Views: 3.8ms | ActiveRecord: 0.0ms | Allocations: 1047)


Started GET "/" for ::1 at 2022-08-11 11:39:58 -0400
Processing by Rails::WelcomeController#index as HTML
  Rendering /Users/jcurcio/.rvm/gems/ruby-3.1.2/gems/railties-7.0.3.1/lib/rails/templates/rails/welcome/index.html.erb
  Rendered /Users/jcurcio/.rvm/gems/ruby-3.1.2/gems/railties-7.0.3.1/lib/rails/templates/rails/welcome/index.html.erb (Duration: 0.3ms | Allocations: 27)
Completed 200 OK in 2ms (Views: 1.1ms | ActiveRecord: 0.0ms | Allocations: 275)


Started GET "/items" for ::1 at 2022-08-11 11:39:59 -0400
Processing by ItemsController#index as HTML
Completed 500 Internal Server Error in 4ms (ActiveRecord: 0.0ms | Allocations: 2679)


  
NameError (uninitialized constant ItemsController::Item

    @items = Item.all
             ^^^^):
  
app/controllers/items_controller.rb:6:in `index'
Started GET "/items" for ::1 at 2022-08-11 11:40:40 -0400
Processing by ItemsController#index as HTML
  Rendering layout layouts/application.html.erb
  Rendering items/index.html.erb within layouts/application
  [1m[36mItem Load (33.5ms)[0m  [1m[34mSELECT "items".* FROM "items"[0m
  ↳ app/views/items/index.html.erb:6
  Rendered items/index.html.erb within layouts/application (Duration: 41.2ms | Allocations: 1330)
  Rendered layout layouts/application.html.erb (Duration: 529.4ms | Allocations: 90382)
Completed 200 OK in 533ms (Views: 497.3ms | ActiveRecord: 33.5ms | Allocations: 92150)


Started GET "/items/new" for ::1 at 2022-08-11 11:41:16 -0400
Processing by ItemsController#new as HTML
  Rendering layout layouts/application.html.erb
  Rendering items/new.html.erb within layouts/application
  Rendered items/_form.html.erb (Duration: 11.7ms | Allocations: 3250)
  Rendered items/new.html.erb within layouts/application (Duration: 12.5ms | Allocations: 3619)
  Rendered layout layouts/application.html.erb (Duration: 33.3ms | Allocations: 6194)
Completed 200 OK in 75ms (Views: 34.6ms | ActiveRecord: 6.1ms | Allocations: 16628)


Started POST "/items" for ::1 at 2022-08-11 11:41:18 -0400
Processing by ItemsController#create as TURBO_STREAM
  Parameters: {"authenticity_token"=>"[FILTERED]", "commit"=>"Create Item"}
  [1m[36mTRANSACTION (0.2ms)[0m  [1m[35mBEGIN[0m
  ↳ app/controllers/items_controller.rb:27:in `block in create'
  [1m[36mItem Create (16.4ms)[0m  [1m[32mINSERT INTO "items" ("name", "created_at", "updated_at") VALUES ($1, $2, $3) RETURNING "id"[0m  [["name", nil], ["created_at", "2022-08-11 15:41:18.310905"], ["updated_at", "2022-08-11 15:41:18.310905"]]
  ↳ app/controllers/items_controller.rb:27:in `block in create'
  [1m[36mTRANSACTION (16.4ms)[0m  [1m[35mCOMMIT[0m
  ↳ app/controllers/items_controller.rb:27:in `block in create'
Redirected to http://localhost:3000/items/1
Completed 302 Found in 75ms (ActiveRecord: 33.0ms | Allocations: 4075)


Started GET "/items/1" for ::1 at 2022-08-11 11:41:18 -0400
Processing by ItemsController#show as TURBO_STREAM
  Parameters: {"id"=>"1"}
  [1m[36mItem Load (0.3ms)[0m  [1m[34mSELECT "items".* FROM "items" WHERE "items"."id" = $1 LIMIT $2[0m  [["id", 1], ["LIMIT", 1]]
  ↳ app/controllers/items_controller.rb:63:in `set_item'
  Rendering layout layouts/application.html.erb
  Rendering items/show.html.erb within layouts/application
  Rendered items/_item.html.erb (Duration: 0.5ms | Allocations: 194)
  Rendered items/show.html.erb within layouts/application (Duration: 3.6ms | Allocations: 1576)
  Rendered layout layouts/application.html.erb (Duration: 5.0ms | Allocations: 3887)
Completed 200 OK in 10ms (Views: 5.6ms | ActiveRecord: 0.5ms | Allocations: 6748)


Started GET "/items/1/edit" for ::1 at 2022-08-11 11:41:20 -0400
Processing by ItemsController#edit as HTML
  Parameters: {"id"=>"1"}
  [1m[36mItem Load (0.4ms)[0m  [1m[34mSELECT "items".* FROM "items" WHERE "items"."id" = $1 LIMIT $2[0m  [["id", 1], ["LIMIT", 1]]
  ↳ app/controllers/items_controller.rb:63:in `set_item'
  Rendering layout layouts/application.html.erb
  Rendering items/edit.html.erb within layouts/application
  Rendered items/_form.html.erb (Duration: 1.6ms | Allocations: 716)
  Rendered items/edit.html.erb within layouts/application (Duration: 3.0ms | Allocations: 1025)
  Rendered layout layouts/application.html.erb (Duration: 4.8ms | Allocations: 3217)
Completed 200 OK in 9ms (Views: 5.3ms | ActiveRecord: 0.4ms | Allocations: 4149)


Started GET "/items/1/edit" for ::1 at 2022-08-11 11:41:45 -0400
Processing by ItemsController#edit as HTML
  Parameters: {"id"=>"1"}
  [1m[36mItem Load (0.8ms)[0m  [1m[34mSELECT "items".* FROM "items" WHERE "items"."id" = $1 LIMIT $2[0m  [["id", 1], ["LIMIT", 1]]
  ↳ app/controllers/items_controller.rb:63:in `set_item'
  Rendering layout layouts/application.html.erb
  Rendering items/edit.html.erb within layouts/application
  Rendered items/_form.html.erb (Duration: 1.7ms | Allocations: 603)
  Rendered items/edit.html.erb within layouts/application (Duration: 2.0ms | Allocations: 747)
  Rendered layout layouts/application.html.erb (Duration: 6.7ms | Allocations: 2938)
Completed 200 OK in 16ms (Views: 9.4ms | ActiveRecord: 0.8ms | Allocations: 3729)


Started GET "/items" for ::1 at 2022-08-11 11:41:46 -0400
Processing by ItemsController#index as HTML
  Rendering layout layouts/application.html.erb
  Rendering items/index.html.erb within layouts/application
  [1m[36mItem Load (0.4ms)[0m  [1m[34mSELECT "items".* FROM "items"[0m
  ↳ app/views/items/index.html.erb:6
  Rendered items/_item.html.erb (Duration: 0.1ms | Allocations: 22)
  Rendered items/index.html.erb within layouts/application (Duration: 5.7ms | Allocations: 1178)
  Rendered layout layouts/application.html.erb (Duration: 10.0ms | Allocations: 3377)
Completed 200 OK in 12ms (Views: 10.3ms | ActiveRecord: 0.4ms | Allocations: 3737)


Started GET "/items/1" for ::1 at 2022-08-11 11:41:50 -0400
Processing by ItemsController#show as HTML
  Parameters: {"id"=>"1"}
  [1m[36mItem Load (0.3ms)[0m  [1m[34mSELECT "items".* FROM "items" WHERE "items"."id" = $1 LIMIT $2[0m  [["id", 1], ["LIMIT", 1]]
  ↳ app/controllers/items_controller.rb:63:in `set_item'
  Rendering layout layouts/application.html.erb
  Rendering items/show.html.erb within layouts/application
  Rendered items/_item.html.erb (Duration: 0.1ms | Allocations: 22)
  Rendered items/show.html.erb within layouts/application (Duration: 4.8ms | Allocations: 563)
  Rendered layout layouts/application.html.erb (Duration: 10.4ms | Allocations: 2755)
Completed 200 OK in 14ms (Views: 11.1ms | ActiveRecord: 0.3ms | Allocations: 3539)


Started GET "/items" for ::1 at 2022-08-11 11:41:52 -0400
Processing by ItemsController#index as HTML
  Rendering layout layouts/application.html.erb
  Rendering items/index.html.erb within layouts/application
  [1m[36mItem Load (0.8ms)[0m  [1m[34mSELECT "items".* FROM "items"[0m
  ↳ app/views/items/index.html.erb:6
  Rendered items/_item.html.erb (Duration: 0.1ms | Allocations: 22)
  Rendered items/index.html.erb within layouts/application (Duration: 4.0ms | Allocations: 936)
  Rendered layout layouts/application.html.erb (Duration: 9.2ms | Allocations: 3140)
Completed 200 OK in 12ms (Views: 9.1ms | ActiveRecord: 0.8ms | Allocations: 3422)


Started GET "/items" for ::1 at 2022-08-11 11:42:20 -0400
Processing by ItemsController#index as HTML
  Rendering layout layouts/application.html.erb
  Rendering items/index.html.erb within layouts/application
  [1m[36mItem Load (2.9ms)[0m  [1m[34mSELECT "items".* FROM "items"[0m
  ↳ app/views/items/index.html.erb:6
  Rendered items/_item.html.erb (Duration: 0.4ms | Allocations: 170)
  Rendered items/index.html.erb within layouts/application (Duration: 9.7ms | Allocations: 1658)
  Rendered layout layouts/application.html.erb (Duration: 15.8ms | Allocations: 4249)
Completed 200 OK in 26ms (Views: 21.4ms | ActiveRecord: 2.9ms | Allocations: 5107)


Started GET "/items" for ::1 at 2022-08-11 11:42:43 -0400
Processing by ItemsController#index as HTML
  Rendering layout layouts/application.html.erb
  Rendering items/index.html.erb within layouts/application
  Rendered items/index.html.erb within layouts/application (Duration: 0.7ms | Allocations: 1248)
  Rendered layout layouts/application.html.erb (Duration: 0.8ms | Allocations: 1343)
Completed 500 Internal Server Error in 12ms (ActiveRecord: 0.0ms | Allocations: 2215)


  
ActionView::SyntaxErrorInTemplate (Encountered a syntax error while rendering template: check <p style="color: green"><%= notice %></p>

<h1>Items</h1>

<div id="items">
  <% @items.each do |item| %>
    <p>
      <%= link_to "<%= render item %>", item %>
    </p>
  <% end %>
</div>

<%= link_to "New item", new_item_path %>

):
1:    <p style="color: green"><%= notice %></p>
2:    
3:    <h1>Items</h1>
4:    
5:    <div id="items">
6:      <% @items.each do |item| %>
7:        <p>
8:          <%= link_to "<%= render item %>", item %>
9:        </p>
10:      <% end %>
11:    </div>
12:    
13:    <%= link_to "New item", new_item_path %>
  
app/views/items/index.html.erb:8: syntax error, unexpected '>'
app/views/items/index.html.erb:11: unknown regexp options - dv
app/views/items/index.html.erb:16: unterminated string meets end of file
app/views/items/index.html.erb:16: syntax error, unexpected end-of-input, expecting ')'
app/views/items/index.html.erb:8: syntax error, unexpected '>'
app/views/items/index.html.erb:11: unknown regexp options - dv
app/views/items/index.html.erb:16: unterminated string meets end of file
app/views/items/index.html.erb:16: syntax error, unexpected end-of-input, expecting ')'
app/views/items/index.html.erb:8: syntax error, unexpected '>'
app/views/items/index.html.erb:11: unknown regexp options - dv
app/views/items/index.html.erb:16: unterminated string meets end of file
app/views/items/index.html.erb:16: syntax error, unexpected end-of-input, expecting ')'
app/views/items/index.html.erb:8: syntax error, unexpected '>'
app/views/items/index.html.erb:11: unknown regexp options - dv
app/views/items/index.html.erb:16: unterminated string meets end of file
app/views/items/index.html.erb:16: syntax error, unexpected end-of-input, expecting ')'
app/views/items/index.html.erb:8: syntax error, unexpected '>'
app/views/items/index.html.erb:11: unknown regexp options - dv
app/views/items/index.html.erb:16: unterminated string meets end of file
app/views/items/index.html.erb:16: syntax error, unexpected end-of-input, expecting ')'
app/views/items/index.html.erb:8: syntax error, unexpected '>'
app/views/items/index.html.erb:11: unknown regexp options - dv
app/views/items/index.html.erb:16: unterminated string meets end of file
app/views/items/index.html.erb:16: syntax error, unexpected end-of-input, expecting ')'
Started GET "/items" for ::1 at 2022-08-11 11:42:58 -0400
Processing by ItemsController#index as HTML
  Rendering layout layouts/application.html.erb
  Rendering items/index.html.erb within layouts/application
  [1m[36mItem Load (1.1ms)[0m  [1m[34mSELECT "items".* FROM "items"[0m
  ↳ app/views/items/index.html.erb:6
  Rendered items/index.html.erb within layouts/application (Duration: 43.5ms | Allocations: 8638)
  Rendered layout layouts/application.html.erb (Duration: 43.8ms | Allocations: 8732)
Completed 500 Internal Server Error in 52ms (ActiveRecord: 1.1ms | Allocations: 9582)


  
ActionView::Template::Error (undefined method `keys' for #<Item id: 1, name: "New", created_at: "2022-08-11 15:41:18.310905000 +0000", updated_at: "2022-08-11 15:41:18.310905000 +0000">):
     5: <div id="items">
     6:   <% @items.each do |item| %>
     7:     <p>
     8:       <%= link_to render item, item %>
     9:     </p>
    10:   <% end %>
    11: </div>
  
app/views/items/index.html.erb:8
app/views/items/index.html.erb:6
Started GET "/items" for ::1 at 2022-08-11 11:43:05 -0400
Processing by ItemsController#index as HTML
  Rendering layout layouts/application.html.erb
  Rendering items/index.html.erb within layouts/application
  [1m[36mItem Load (0.3ms)[0m  [1m[34mSELECT "items".* FROM "items"[0m
  ↳ app/views/items/index.html.erb:6
  Rendered items/index.html.erb within layouts/application (Duration: 3.7ms | Allocations: 1311)
  Rendered layout layouts/application.html.erb (Duration: 10.9ms | Allocations: 3915)
Completed 200 OK in 14ms (Views: 12.2ms | ActiveRecord: 0.3ms | Allocations: 4791)


Started GET "/items/new" for ::1 at 2022-08-11 11:43:29 -0400
Processing by ItemsController#new as HTML
  Rendering layout layouts/application.html.erb
  Rendering items/new.html.erb within layouts/application
  Rendered items/_form.html.erb (Duration: 15.9ms | Allocations: 1006)
  Rendered items/new.html.erb within layouts/application (Duration: 19.2ms | Allocations: 1370)
  Rendered layout layouts/application.html.erb (Duration: 31.8ms | Allocations: 3946)
Completed 200 OK in 52ms (Views: 40.9ms | ActiveRecord: 0.0ms | Allocations: 4821)


Started GET "/items/new" for ::1 at 2022-08-11 11:43:31 -0400
Processing by ItemsController#new as HTML
  Rendering layout layouts/application.html.erb
  Rendering items/new.html.erb within layouts/application
  Rendered items/_form.html.erb (Duration: 3.2ms | Allocations: 1017)
  Rendered items/new.html.erb within layouts/application (Duration: 4.9ms | Allocations: 1378)
  Rendered layout layouts/application.html.erb (Duration: 12.2ms | Allocations: 3954)
Completed 200 OK in 18ms (Views: 16.5ms | ActiveRecord: 0.0ms | Allocations: 4825)


Started GET "/items/new" for ::1 at 2022-08-11 11:44:14 -0400
Processing by ItemsController#new as HTML
  Rendering layout layouts/application.html.erb
  Rendering items/new.html.erb within layouts/application
  Rendered items/_form.html.erb (Duration: 11.9ms | Allocations: 5192)
  Rendered items/new.html.erb within layouts/application (Duration: 13.1ms | Allocations: 5517)
  Rendered layout layouts/application.html.erb (Duration: 13.2ms | Allocations: 5611)
Completed 500 Internal Server Error in 19ms (ActiveRecord: 0.0ms | Allocations: 6452)


  
ActionView::Template::Error (undefined method `form_group' for #<ActionView::Base:0x000000000140f0>

  '.freeze;@output_buffer.append=  form_group("Name") do @output_buffer.safe_append='
                                   ^^^^^^^^^^
Did you mean?  form_for):
    1: <%= form_with(model: item) do |form| %>
    2:   
    3:   <%= form_group("Name") do %>
    4:     <%= f.text_field :name, class: 'form-control' %>
    5:     <span class="help-block">Name must be unique for all destinations in the <%= @account.company_name %> account. The name is semi-internal; it is not shown in the partner app.</span>
    6:   <% end %>
  
app/views/items/_form.html.erb:3
app/views/items/_form.html.erb:1
app/views/items/new.html.erb:3
Started GET "/items/new" for ::1 at 2022-08-11 11:44:41 -0400
Processing by ItemsController#new as HTML
  Rendering layout layouts/application.html.erb
  Rendering items/new.html.erb within layouts/application
  Rendered items/_form.html.erb (Duration: 22.4ms | Allocations: 5198)
  Rendered items/new.html.erb within layouts/application (Duration: 24.0ms | Allocations: 5522)
  Rendered layout layouts/application.html.erb (Duration: 26.6ms | Allocations: 5616)
Completed 500 Internal Server Error in 39ms (ActiveRecord: 0.0ms | Allocations: 6451)


  
ActionView::Template::Error (undefined method `form_group' for #<ActionView::Base:0x00000000014460>

  '.freeze;@output_buffer.append=  form_group("Name") do @output_buffer.safe_append='
                                   ^^^^^^^^^^
Did you mean?  form_for):
    1: <%= form_for(@item) do |form| %>
    2:   
    3:   <%= form_group("Name") do %>
    4:     <%= f.text_field :name, class: 'form-control' %>
    5:     <span class="help-block">Name must be unique for all destinations in the <%= @account.company_name %> account. The name is semi-internal; it is not shown in the partner app.</span>
    6:   <% end %>
  
app/views/items/_form.html.erb:3
app/views/items/_form.html.erb:1
app/views/items/new.html.erb:3
Started GET "/items/new" for ::1 at 2022-08-11 11:44:50 -0400
Processing by ItemsController#new as HTML
  Rendering layout layouts/application.html.erb
  Rendering items/new.html.erb within layouts/application
  Rendered items/_form.html.erb (Duration: 8.3ms | Allocations: 5441)
  Rendered items/new.html.erb within layouts/application (Duration: 10.6ms | Allocations: 5766)
  Rendered layout layouts/application.html.erb (Duration: 11.2ms | Allocations: 5860)
Completed 500 Internal Server Error in 17ms (ActiveRecord: 0.0ms | Allocations: 6695)


  
ActionView::Template::Error (undefined local variable or method `f' for #<ActionView::Base:0x000000000147d0>

    '.freeze;@output_buffer.append=( f.text_field :name, class: 'form-control' );@output_buffer.safe_append='
                                     ^):
    1: <%= form_with(model: item) do |form| %>
    2:   
    3:     <%= f.text_field :name, class: 'form-control' %>
    4:     <span class="help-block">Name must be unique for all destinations in the <%= @account.company_name %> account. The name is semi-internal; it is not shown in the partner app.</span>
    5: 
    6:   <% if item.errors.any? %>
  
app/views/items/_form.html.erb:3
app/views/items/_form.html.erb:1
app/views/items/new.html.erb:3
Started GET "/items/new" for ::1 at 2022-08-11 11:44:53 -0400
Processing by ItemsController#new as HTML
  Rendering layout layouts/application.html.erb
  Rendering items/new.html.erb within layouts/application
  Rendered items/_form.html.erb (Duration: 26.2ms | Allocations: 12699)
  Rendered items/new.html.erb within layouts/application (Duration: 27.4ms | Allocations: 13033)
  Rendered layout layouts/application.html.erb (Duration: 27.6ms | Allocations: 13127)
Completed 500 Internal Server Error in 31ms (ActiveRecord: 0.0ms | Allocations: 13962)


  
ActionView::Template::Error (undefined method `company_name' for nil:NilClass

    <span class="help-block">Name must be unique for all destinations in the '.freeze;@output_buffer.append=( @account.company_name );@output_buffer.safe_append=' account. The name is semi-internal; it is not shown in the partner app.</span>
                                                                                                                      ^^^^^^^^^^^^^):
    1: <%= form_with(model: item) do |form| %>
    2:   
    3:     <%= form.text_field :name, class: 'form-control' %>
    4:     <span class="help-block">Name must be unique for all destinations in the <%= @account.company_name %> account. The name is semi-internal; it is not shown in the partner app.</span>
    5: 
    6:   <% if item.errors.any? %>
    7:     <div style="color: red">
  
app/views/items/_form.html.erb:4
app/views/items/_form.html.erb:1
app/views/items/new.html.erb:3
Started GET "/items/new" for ::1 at 2022-08-11 11:44:57 -0400
Processing by ItemsController#new as HTML
  Rendering layout layouts/application.html.erb
  Rendering items/new.html.erb within layouts/application
  Rendered items/_form.html.erb (Duration: 5.4ms | Allocations: 1093)
  Rendered items/new.html.erb within layouts/application (Duration: 7.7ms | Allocations: 1454)
  Rendered layout layouts/application.html.erb (Duration: 24.3ms | Allocations: 4044)
Completed 200 OK in 33ms (Views: 28.1ms | ActiveRecord: 0.0ms | Allocations: 4909)


Started GET "/items/new" for ::1 at 2022-08-11 11:45:11 -0400
Processing by ItemsController#new as HTML
  Rendering layout layouts/application.html.erb
  Rendering items/new.html.erb within layouts/application
  Rendered items/_form.html.erb (Duration: 12.3ms | Allocations: 5152)
  Rendered items/new.html.erb within layouts/application (Duration: 13.8ms | Allocations: 5476)
  Rendered layout layouts/application.html.erb (Duration: 13.9ms | Allocations: 5570)
Completed 500 Internal Server Error in 17ms (ActiveRecord: 0.0ms | Allocations: 6411)


  
ActionView::Template::Error (undefined method `form_group' for #<ActionView::Base:0x00000000014f00>

  '.freeze;@output_buffer.append=  form_group("Name") do @output_buffer.safe_append='
                                   ^^^^^^^^^^
Did you mean?  form_for):
    1: <%= form_with(model: item) do |form| %>
    2:   
    3:   <%= form_group("Name") do %>
    4:     <%= form.text_field :name, class: 'form-control' %>
    5:   <% end %>
    6: 
  
app/views/items/_form.html.erb:3
app/views/items/_form.html.erb:1
app/views/items/new.html.erb:3
Started GET "/items/new" for ::1 at 2022-08-11 11:46:16 -0400
Processing by ItemsController#new as HTML
  Rendering layout layouts/application.html.erb
  Rendering items/new.html.erb within layouts/application
  Rendered items/_form.html.erb (Duration: 40.5ms | Allocations: 11489)
  Rendered items/new.html.erb within layouts/application (Duration: 41.6ms | Allocations: 11860)
  Rendered layout layouts/application.html.erb (Duration: 49.2ms | Allocations: 14489)
Completed 200 OK in 65ms (Views: 54.4ms | ActiveRecord: 0.0ms | Allocations: 15354)


Started GET "/items/new" for ::1 at 2022-08-11 11:47:11 -0400
Processing by ItemsController#new as HTML
  Rendering layout layouts/application.html.erb
  Rendering items/new.html.erb within layouts/application
  Rendered items/_form.html.erb (Duration: 2.1ms | Allocations: 1051)
  Rendered items/new.html.erb within layouts/application (Duration: 2.4ms | Allocations: 1182)
  Rendered layout layouts/application.html.erb (Duration: 15.1ms | Allocations: 14913)
Completed 200 OK in 97ms (Views: 17.4ms | ActiveRecord: 74.0ms | Allocations: 17607)


Started POST "/items" for ::1 at 2022-08-11 11:47:12 -0400
Processing by ItemsController#create as TURBO_STREAM
  Parameters: {"authenticity_token"=>"[FILTERED]", "item"=>{"name"=>""}, "commit"=>"Create Item"}
Completed 500 Internal Server Error in 5ms (ActiveRecord: 0.0ms | Allocations: 765)


  
ActiveModel::ForbiddenAttributesError (ActiveModel::ForbiddenAttributesError):
  
app/controllers/items_controller.rb:24:in `create'
Started GET "/items/new" for ::1 at 2022-08-11 11:47:31 -0400
Processing by ItemsController#new as HTML
  Rendering layout layouts/application.html.erb
  Rendering items/new.html.erb within layouts/application
  Rendered items/_form.html.erb (Duration: 1.7ms | Allocations: 1048)
  Rendered items/new.html.erb within layouts/application (Duration: 2.3ms | Allocations: 1179)
  Rendered layout layouts/application.html.erb (Duration: 17.4ms | Allocations: 14956)
Completed 200 OK in 31ms (Views: 18.7ms | ActiveRecord: 5.9ms | Allocations: 17510)


Started POST "/items" for ::1 at 2022-08-11 11:47:33 -0400
Processing by ItemsController#create as TURBO_STREAM
  Parameters: {"authenticity_token"=>"[FILTERED]", "item"=>{"name"=>""}, "commit"=>"Create Item"}
Completed 500 Internal Server Error in 2ms (ActiveRecord: 0.0ms | Allocations: 733)


  
ActiveModel::ForbiddenAttributesError (ActiveModel::ForbiddenAttributesError):
  
app/controllers/items_controller.rb:24:in `create'
Started GET "/items/new" for ::1 at 2022-08-11 11:48:57 -0400
  
SyntaxError (/Users/jcurcio/Development/fearless_test/app/controllers/items_controller.rb:36: syntax error, unexpected local variable or method, expecting `do' or '{' or '('
    puts e.inspect
         ^
):
  
app/controllers/items_controller.rb:36: syntax error, unexpected local variable or method, expecting `do' or '{' or '('
app/controllers/items_controller.rb:36: syntax error, unexpected local variable or method, expecting `do' or '{' or '('
app/controllers/items_controller.rb:36: syntax error, unexpected local variable or method, expecting `do' or '{' or '('
Started GET "/items/new" for ::1 at 2022-08-11 11:49:14 -0400
  
SyntaxError (/Users/jcurcio/Development/fearless_test/app/controllers/items_controller.rb:36: syntax error, unexpected '\n', expecting '.' or &. or :: or '['
...  Rails.logger.debug(e.inspect)
...                               ^
/Users/jcurcio/Development/fearless_test/app/controllers/items_controller.rb:72: syntax error, unexpected end-of-input, expecting `end'):
  
app/controllers/items_controller.rb:36: syntax error, unexpected '\n', expecting '.' or &. or :: or '['
app/controllers/items_controller.rb:72: syntax error, unexpected end-of-input, expecting `end'
app/controllers/items_controller.rb:36: syntax error, unexpected '\n', expecting '.' or &. or :: or '['
app/controllers/items_controller.rb:72: syntax error, unexpected end-of-input, expecting `end'
app/controllers/items_controller.rb:36: syntax error, unexpected '\n', expecting '.' or &. or :: or '['
app/controllers/items_controller.rb:72: syntax error, unexpected end-of-input, expecting `end'
Started GET "/items/new" for ::1 at 2022-08-11 11:49:48 -0400
  
SyntaxError (/Users/jcurcio/Development/fearless_test/app/controllers/items_controller.rb:36: syntax error, unexpected '\n', expecting '.' or &. or :: or '['
    Rails.logger.info("failed")
                               ^
/Users/jcurcio/Development/fearless_test/app/controllers/items_controller.rb:72: syntax error, unexpected end-of-input, expecting `end'):
  
app/controllers/items_controller.rb:36: syntax error, unexpected '\n', expecting '.' or &. or :: or '['
app/controllers/items_controller.rb:72: syntax error, unexpected end-of-input, expecting `end'
app/controllers/items_controller.rb:36: syntax error, unexpected '\n', expecting '.' or &. or :: or '['
app/controllers/items_controller.rb:72: syntax error, unexpected end-of-input, expecting `end'
app/controllers/items_controller.rb:36: syntax error, unexpected '\n', expecting '.' or &. or :: or '['
app/controllers/items_controller.rb:72: syntax error, unexpected end-of-input, expecting `end'
Started GET "/items/new" for ::1 at 2022-08-11 11:50:04 -0400
Processing by ItemsController#new as HTML
  Rendering layout layouts/application.html.erb
  Rendering items/new.html.erb within layouts/application
  Rendered items/_form.html.erb (Duration: 2.2ms | Allocations: 1024)
  Rendered items/new.html.erb within layouts/application (Duration: 2.7ms | Allocations: 1155)
  Rendered layout layouts/application.html.erb (Duration: 17.9ms | Allocations: 14901)
Completed 200 OK in 80ms (Views: 19.6ms | ActiveRecord: 51.1ms | Allocations: 17574)


Started POST "/items" for ::1 at 2022-08-11 11:50:10 -0400
Processing by ItemsController#create as TURBO_STREAM
  Parameters: {"authenticity_token"=>"[FILTERED]", "item"=>{"name"=>""}, "commit"=>"Create Item"}
#<ActiveModel::ForbiddenAttributesError: ActiveModel::ForbiddenAttributesError>
No template found for ItemsController#create, rendering head :no_content
Completed 204 No Content in 4ms (ActiveRecord: 0.0ms | Allocations: 990)


Started GET "/items/new" for ::1 at 2022-08-11 11:50:54 -0400
Processing by ItemsController#new as HTML
  Rendering layout layouts/application.html.erb
  Rendering items/new.html.erb within layouts/application
  Rendered items/_form.html.erb (Duration: 4.6ms | Allocations: 1033)
  Rendered items/new.html.erb within layouts/application (Duration: 5.1ms | Allocations: 1164)
  Rendered layout layouts/application.html.erb (Duration: 18.3ms | Allocations: 14812)
Completed 200 OK in 62ms (Views: 26.8ms | ActiveRecord: 30.1ms | Allocations: 17399)


Started POST "/items" for ::1 at 2022-08-11 11:50:57 -0400
Processing by ItemsController#create as TURBO_STREAM
  Parameters: {"authenticity_token"=>"[FILTERED]", "item"=>{"name"=>""}, "commit"=>"Create Item"}
#<ActiveModel::ForbiddenAttributesError: ActiveModel::ForbiddenAttributesError>
Completed 500 Internal Server Error in 5ms (ActiveRecord: 0.0ms | Allocations: 1934)


  
NoMethodError (undefined method `new' for nil:NilClass

    @item.new
         ^^^^):
  
app/controllers/items_controller.rb:37:in `rescue in create'
app/controllers/items_controller.rb:23:in `create'
Started GET "/items/new" for ::1 at 2022-08-11 11:51:02 -0400
Processing by ItemsController#new as HTML
  Rendering layout layouts/application.html.erb
  Rendering items/new.html.erb within layouts/application
  Rendered items/_form.html.erb (Duration: 1.5ms | Allocations: 1036)
  Rendered items/new.html.erb within layouts/application (Duration: 1.8ms | Allocations: 1167)
  Rendered layout layouts/application.html.erb (Duration: 13.6ms | Allocations: 14912)
Completed 200 OK in 56ms (Views: 15.0ms | ActiveRecord: 35.5ms | Allocations: 17559)


Started POST "/items" for ::1 at 2022-08-11 11:51:03 -0400
Processing by ItemsController#create as TURBO_STREAM
  Parameters: {"authenticity_token"=>"[FILTERED]", "item"=>{"name"=>""}, "commit"=>"Create Item"}
#<ActiveModel::ForbiddenAttributesError: ActiveModel::ForbiddenAttributesError>
Completed 500 Internal Server Error in 4ms (ActiveRecord: 0.0ms | Allocations: 1941)


  
NoMethodError (undefined method `errors' for nil:NilClass

    @item.errors.add("Name is required")
         ^^^^^^^):
  
app/controllers/items_controller.rb:37:in `rescue in create'
app/controllers/items_controller.rb:23:in `create'
Started GET "/items/new" for ::1 at 2022-08-11 11:53:15 -0400
Processing by ItemsController#new as HTML
  Rendering layout layouts/application.html.erb
  Rendering items/new.html.erb within layouts/application
  Rendered items/_form.html.erb (Duration: 3.7ms | Allocations: 1042)
  Rendered items/new.html.erb within layouts/application (Duration: 4.3ms | Allocations: 1173)
  Rendered layout layouts/application.html.erb (Duration: 26.5ms | Allocations: 14948)
Completed 200 OK in 69ms (Views: 31.8ms | ActiveRecord: 28.2ms | Allocations: 17595)


Started POST "/items" for ::1 at 2022-08-11 11:53:17 -0400
Processing by ItemsController#create as TURBO_STREAM
  Parameters: {"authenticity_token"=>"[FILTERED]", "item"=>{"name"=>""}, "commit"=>"Create Item"}
No template found for ItemsController#create, rendering head :no_content
Completed 204 No Content in 3ms (ActiveRecord: 0.0ms | Allocations: 750)


Started POST "/items" for ::1 at 2022-08-11 11:54:01 -0400
Processing by ItemsController#create as TURBO_STREAM
  Parameters: {"authenticity_token"=>"[FILTERED]", "item"=>{"name"=>""}, "commit"=>"Create Item"}
No template found for ItemsController#create, rendering head :no_content
Completed 204 No Content in 2ms (ActiveRecord: 0.0ms | Allocations: 944)


Started GET "/items/new" for ::1 at 2022-08-11 11:54:03 -0400
Processing by ItemsController#new as HTML
  Rendering layout layouts/application.html.erb
  Rendering items/new.html.erb within layouts/application
  Rendered items/_form.html.erb (Duration: 9.9ms | Allocations: 1266)
  Rendered items/new.html.erb within layouts/application (Duration: 14.5ms | Allocations: 1627)
  Rendered layout layouts/application.html.erb (Duration: 27.3ms | Allocations: 4202)
Completed 200 OK in 36ms (Views: 33.7ms | ActiveRecord: 0.0ms | Allocations: 5075)


Started POST "/items" for ::1 at 2022-08-11 11:54:05 -0400
Processing by ItemsController#create as TURBO_STREAM
  Parameters: {"authenticity_token"=>"[FILTERED]", "item"=>{"name"=>""}, "commit"=>"Create Item"}
No template found for ItemsController#create, rendering head :no_content
Completed 204 No Content in 13ms (ActiveRecord: 0.0ms | Allocations: 948)


Started GET "/items/new" for ::1 at 2022-08-11 11:54:07 -0400
Processing by ItemsController#new as HTML
  Rendering layout layouts/application.html.erb
  Rendering items/new.html.erb within layouts/application
  Rendered items/_form.html.erb (Duration: 1.8ms | Allocations: 792)
  Rendered items/new.html.erb within layouts/application (Duration: 2.1ms | Allocations: 900)
  Rendered layout layouts/application.html.erb (Duration: 4.3ms | Allocations: 3099)
Completed 200 OK in 15ms (Views: 7.7ms | ActiveRecord: 0.0ms | Allocations: 3393)


Started GET "/items/new" for ::1 at 2022-08-11 11:54:09 -0400
Processing by ItemsController#new as HTML
  Rendering layout layouts/application.html.erb
  Rendering items/new.html.erb within layouts/application
  Rendered items/_form.html.erb (Duration: 5.3ms | Allocations: 793)
  Rendered items/new.html.erb within layouts/application (Duration: 6.1ms | Allocations: 901)
  Rendered layout layouts/application.html.erb (Duration: 23.7ms | Allocations: 3100)
Completed 200 OK in 31ms (Views: 26.8ms | ActiveRecord: 0.0ms | Allocations: 3379)


Started POST "/items" for ::1 at 2022-08-11 11:54:10 -0400
Processing by ItemsController#create as TURBO_STREAM
  Parameters: {"authenticity_token"=>"[FILTERED]", "item"=>{"name"=>""}, "commit"=>"Create Item"}
No template found for ItemsController#create, rendering head :no_content
Completed 204 No Content in 2ms (ActiveRecord: 0.0ms | Allocations: 697)


Started GET "/items/new" for ::1 at 2022-08-11 11:54:22 -0400
Processing by ItemsController#new as HTML
  Rendering layout layouts/application.html.erb
  Rendering items/new.html.erb within layouts/application
  Rendered items/_form.html.erb (Duration: 5.9ms | Allocations: 1308)
  Rendered items/new.html.erb within layouts/application (Duration: 7.9ms | Allocations: 1666)
  Rendered layout layouts/application.html.erb (Duration: 19.1ms | Allocations: 4241)
Completed 200 OK in 28ms (Views: 24.9ms | ActiveRecord: 0.0ms | Allocations: 5084)


Started GET "/items/new" for ::1 at 2022-08-11 11:54:26 -0400
Processing by ItemsController#new as HTML
  Rendering layout layouts/application.html.erb
  Rendering items/new.html.erb within layouts/application
  Rendered items/_form.html.erb (Duration: 1.7ms | Allocations: 798)
  Rendered items/new.html.erb within layouts/application (Duration: 2.0ms | Allocations: 906)
  Rendered layout layouts/application.html.erb (Duration: 12.4ms | Allocations: 3105)
Completed 200 OK in 15ms (Views: 14.2ms | ActiveRecord: 0.0ms | Allocations: 3411)


Started POST "/items" for ::1 at 2022-08-11 11:54:27 -0400
Processing by ItemsController#create as TURBO_STREAM
  Parameters: {"authenticity_token"=>"[FILTERED]", "item"=>{"name"=>""}, "commit"=>"Create Item"}
No template found for ItemsController#create, rendering head :no_content
Completed 204 No Content in 2ms (ActiveRecord: 0.0ms | Allocations: 915)


Started GET "/items/new" for ::1 at 2022-08-11 11:54:37 -0400
Processing by ItemsController#new as HTML
  Rendering layout layouts/application.html.erb
  Rendering items/new.html.erb within layouts/application
  Rendered items/_form.html.erb (Duration: 9.0ms | Allocations: 1327)
  Rendered items/new.html.erb within layouts/application (Duration: 10.2ms | Allocations: 1685)
  Rendered layout layouts/application.html.erb (Duration: 16.2ms | Allocations: 4261)
Completed 200 OK in 21ms (Views: 18.4ms | ActiveRecord: 0.0ms | Allocations: 5104)


Started POST "/items" for ::1 at 2022-08-11 11:54:38 -0400
Processing by ItemsController#create as TURBO_STREAM
  Parameters: {"authenticity_token"=>"[FILTERED]", "item"=>{"name"=>""}, "commit"=>"Create Item"}
No template found for ItemsController#create, rendering head :no_content
Completed 204 No Content in 6ms (ActiveRecord: 0.0ms | Allocations: 970)


Started GET "/items/new" for ::1 at 2022-08-11 11:54:46 -0400
Processing by ItemsController#new as HTML
  Rendering layout layouts/application.html.erb
  Rendering items/new.html.erb within layouts/application
  Rendered items/_form.html.erb (Duration: 7.1ms | Allocations: 823)
  Rendered items/new.html.erb within layouts/application (Duration: 7.5ms | Allocations: 931)
  Rendered layout layouts/application.html.erb (Duration: 12.6ms | Allocations: 3130)
Completed 200 OK in 18ms (Views: 13.2ms | ActiveRecord: 0.0ms | Allocations: 3424)


Started GET "/items/new" for ::1 at 2022-08-11 11:55:15 -0400
Processing by ItemsController#new as HTML
  Rendering layout layouts/application.html.erb
  Rendering items/new.html.erb within layouts/application
  Rendered items/_form.html.erb (Duration: 10.3ms | Allocations: 1351)
  Rendered items/new.html.erb within layouts/application (Duration: 11.4ms | Allocations: 1709)
  Rendered layout layouts/application.html.erb (Duration: 25.3ms | Allocations: 4286)
Completed 200 OK in 33ms (Views: 27.4ms | ActiveRecord: 0.0ms | Allocations: 5130)


Started GET "/items/new" for ::1 at 2022-08-11 11:55:17 -0400
Processing by ItemsController#new as HTML
  Rendering layout layouts/application.html.erb
  Rendering items/new.html.erb within layouts/application
  Rendered items/_form.html.erb (Duration: 1.5ms | Allocations: 1363)
  Rendered items/new.html.erb within layouts/application (Duration: 2.3ms | Allocations: 1721)
  Rendered layout layouts/application.html.erb (Duration: 6.0ms | Allocations: 4297)
Completed 200 OK in 16ms (Views: 13.8ms | ActiveRecord: 0.0ms | Allocations: 5168)


Started POST "/items" for ::1 at 2022-08-11 11:55:19 -0400
Processing by ItemsController#create as TURBO_STREAM
  Parameters: {"authenticity_token"=>"[FILTERED]", "item"=>{"name"=>""}, "commit"=>"Create Item"}
No template found for ItemsController#create, rendering head :no_content
Completed 204 No Content in 4ms (ActiveRecord: 0.0ms | Allocations: 961)


Started GET "/items/new" for ::1 at 2022-08-11 11:57:16 -0400
Processing by ItemsController#new as HTML
  Rendering layout layouts/application.html.erb
  Rendering items/new.html.erb within layouts/application
  Rendered items/_form.html.erb (Duration: 8.6ms | Allocations: 1386)
  Rendered items/new.html.erb within layouts/application (Duration: 9.8ms | Allocations: 1744)
  Rendered layout layouts/application.html.erb (Duration: 16.0ms | Allocations: 4320)
Completed 200 OK in 25ms (Views: 20.2ms | ActiveRecord: 0.0ms | Allocations: 5178)


Started POST "/items" for ::1 at 2022-08-11 11:57:17 -0400
Processing by ItemsController#create as TURBO_STREAM
  Parameters: {"authenticity_token"=>"[FILTERED]", "item"=>{"name"=>""}, "commit"=>"Create Item"}
No template found for ItemsController#create, rendering head :no_content
Completed 204 No Content in 3ms (ActiveRecord: 0.0ms | Allocations: 982)


Started GET "/items/new" for ::1 at 2022-08-11 11:57:31 -0400
Processing by ItemsController#new as HTML
  Rendering layout layouts/application.html.erb
  Rendering items/new.html.erb within layouts/application
  Rendered items/_form.html.erb (Duration: 6.5ms | Allocations: 1371)
  Rendered items/new.html.erb within layouts/application (Duration: 8.4ms | Allocations: 1729)
  Rendered layout layouts/application.html.erb (Duration: 18.1ms | Allocations: 4305)
Completed 200 OK in 23ms (Views: 20.5ms | ActiveRecord: 0.0ms | Allocations: 5163)


Started POST "/items" for ::1 at 2022-08-11 11:57:32 -0400
Processing by ItemsController#create as TURBO_STREAM
  Parameters: {"authenticity_token"=>"[FILTERED]", "item"=>{"name"=>""}, "commit"=>"Create Item"}
No template found for ItemsController#create, rendering head :no_content
Completed 204 No Content in 3ms (ActiveRecord: 0.0ms | Allocations: 991)


Started POST "/items" for ::1 at 2022-08-11 11:57:44 -0400
Processing by ItemsController#create as TURBO_STREAM
  Parameters: {"authenticity_token"=>"[FILTERED]", "item"=>{"name"=>""}, "commit"=>"Create Item"}
Completed 500 Internal Server Error in 55ms (ActiveRecord: 50.5ms | Allocations: 2824)


  
ActiveModel::ForbiddenAttributesError (ActiveModel::ForbiddenAttributesError):
  
app/controllers/items_controller.rb:24:in `create'
Started GET "/items/new" for ::1 at 2022-08-11 11:58:02 -0400
Processing by ItemsController#new as HTML
  Rendering layout layouts/application.html.erb
  Rendering items/new.html.erb within layouts/application
  Rendered items/_form.html.erb (Duration: 1.6ms | Allocations: 1131)
  Rendered items/new.html.erb within layouts/application (Duration: 1.8ms | Allocations: 1262)
  Rendered layout layouts/application.html.erb (Duration: 17.9ms | Allocations: 15008)
Completed 200 OK in 51ms (Views: 18.9ms | ActiveRecord: 29.1ms | Allocations: 17653)


Started POST "/items" for ::1 at 2022-08-11 11:58:03 -0400
Processing by ItemsController#create as TURBO_STREAM
  Parameters: {"authenticity_token"=>"[FILTERED]", "item"=>{"name"=>""}, "commit"=>"Create Item"}
Completed 500 Internal Server Error in 15ms (ActiveRecord: 0.0ms | Allocations: 5153)


  
NoMethodError (undefined method `errors=' for #<Item id: nil, name: nil, created_at: nil, updated_at: nil>
Did you mean?  errors):
  
app/controllers/items_controller.rb:37:in `rescue in create'
app/controllers/items_controller.rb:23:in `create'
Started GET "/items/new" for ::1 at 2022-08-11 11:58:10 -0400
Processing by ItemsController#new as HTML
  Rendering layout layouts/application.html.erb
  Rendering items/new.html.erb within layouts/application
  Rendered items/_form.html.erb (Duration: 1.4ms | Allocations: 1131)
  Rendered items/new.html.erb within layouts/application (Duration: 1.6ms | Allocations: 1262)
  Rendered layout layouts/application.html.erb (Duration: 12.6ms | Allocations: 15007)
Completed 200 OK in 27ms (Views: 13.9ms | ActiveRecord: 9.8ms | Allocations: 17653)


Started POST "/items" for ::1 at 2022-08-11 11:58:11 -0400
Processing by ItemsController#create as TURBO_STREAM
  Parameters: {"authenticity_token"=>"[FILTERED]", "item"=>{"name"=>""}, "commit"=>"Create Item"}
Completed 500 Internal Server Error in 4ms (ActiveRecord: 0.0ms | Allocations: 2351)


  
NoMethodError (undefined method `add=' for #<ActiveModel::Errors []>

    @item.errors.add = "New error"
                ^^^^^^
Did you mean?  add):
  
app/controllers/items_controller.rb:37:in `rescue in create'
app/controllers/items_controller.rb:23:in `create'
Started GET "/items/new" for ::1 at 2022-08-11 11:58:28 -0400
Processing by ItemsController#new as HTML
  Rendering layout layouts/application.html.erb
  Rendering items/new.html.erb within layouts/application
  Rendered items/_form.html.erb (Duration: 1.1ms | Allocations: 1125)
  Rendered items/new.html.erb within layouts/application (Duration: 1.4ms | Allocations: 1256)
  Rendered layout layouts/application.html.erb (Duration: 10.7ms | Allocations: 15001)
Completed 200 OK in 61ms (Views: 11.4ms | ActiveRecord: 45.2ms | Allocations: 17653)


Started POST "/items" for ::1 at 2022-08-11 11:58:30 -0400
Processing by ItemsController#create as TURBO_STREAM
  Parameters: {"authenticity_token"=>"[FILTERED]", "item"=>{"name"=>""}, "commit"=>"Create Item"}
No template found for ItemsController#create, rendering head :no_content
Completed 204 No Content in 4ms (ActiveRecord: 0.0ms | Allocations: 795)


Started GET "/items/new" for ::1 at 2022-08-11 11:59:13 -0400
Processing by ItemsController#new as HTML
  Rendering layout layouts/application.html.erb
  Rendering items/new.html.erb within layouts/application
  Rendered items/_form.html.erb (Duration: 4.7ms | Allocations: 831)
  Rendered items/new.html.erb within layouts/application (Duration: 5.1ms | Allocations: 939)
  Rendered layout layouts/application.html.erb (Duration: 10.5ms | Allocations: 3138)
Completed 200 OK in 15ms (Views: 11.5ms | ActiveRecord: 0.0ms | Allocations: 3431)


Started POST "/items" for ::1 at 2022-08-11 11:59:22 -0400
Processing by ItemsController#create as TURBO_STREAM
  Parameters: {"authenticity_token"=>"[FILTERED]", "item"=>{"name"=>""}, "commit"=>"Create Item"}
No template found for ItemsController#create, rendering head :no_content
Completed 204 No Content in 2ms (ActiveRecord: 0.0ms | Allocations: 727)


Started GET "/items/new" for ::1 at 2022-08-11 11:59:42 -0400
Processing by ItemsController#new as HTML
  Rendering layout layouts/application.html.erb
  Rendering items/new.html.erb within layouts/application
  Rendered items/_form.html.erb (Duration: 12.4ms | Allocations: 1384)
  Rendered items/new.html.erb within layouts/application (Duration: 18.3ms | Allocations: 1745)
  Rendered layout layouts/application.html.erb (Duration: 25.7ms | Allocations: 4321)
Completed 200 OK in 72ms (Views: 44.0ms | ActiveRecord: 0.0ms | Allocations: 5187)


Started POST "/items" for ::1 at 2022-08-11 11:59:44 -0400
Processing by ItemsController#create as TURBO_STREAM
  Parameters: {"authenticity_token"=>"[FILTERED]", "item"=>{"name"=>""}, "commit"=>"Create Item"}
No template found for ItemsController#create, rendering head :no_content
Completed 204 No Content in 8ms (ActiveRecord: 0.0ms | Allocations: 977)


Started GET "/items/new" for ::1 at 2022-08-11 12:00:02 -0400
Processing by ItemsController#new as HTML
  Rendering layout layouts/application.html.erb
  Rendering items/new.html.erb within layouts/application
  Rendered items/_form.html.erb (Duration: 2.0ms | Allocations: 1119)
  Rendered items/new.html.erb within layouts/application (Duration: 3.8ms | Allocations: 1250)
  Rendered layout layouts/application.html.erb (Duration: 17.4ms | Allocations: 14898)
Completed 200 OK in 87ms (Views: 18.9ms | ActiveRecord: 58.5ms | Allocations: 17485)


Started POST "/items" for ::1 at 2022-08-11 12:00:04 -0400
Processing by ItemsController#create as TURBO_STREAM
  Parameters: {"authenticity_token"=>"[FILTERED]", "item"=>{"name"=>""}, "commit"=>"Create Item"}
Completed 500 Internal Server Error in 7ms (ActiveRecord: 0.0ms | Allocations: 2013)


  
ActionView::MissingTemplate (Missing partial items/_item with {:locale=>[:en], :formats=>[:turbo_stream, :html], :variants=>[], :handlers=>[:raw, :erb, :html, :builder, :ruby, :jbuilder]}.

Searched in:
  * "/Users/jcurcio/Development/fearless_test/app/views"
  * "/Users/jcurcio/.rvm/gems/ruby-3.1.2/gems/actiontext-7.0.3.1/app/views"
  * "/Users/jcurcio/.rvm/gems/ruby-3.1.2/gems/actionmailbox-7.0.3.1/app/views"
):
  
app/controllers/items_controller.rb:38:in `rescue in create'
app/controllers/items_controller.rb:23:in `create'
Started GET "/items/new" for ::1 at 2022-08-11 12:00:28 -0400
Processing by ItemsController#new as HTML
  Rendering layout layouts/application.html.erb
  Rendering items/new.html.erb within layouts/application
  Rendered items/_form.html.erb (Duration: 6.1ms | Allocations: 1113)
  Rendered items/new.html.erb within layouts/application (Duration: 6.8ms | Allocations: 1244)
  Rendered layout layouts/application.html.erb (Duration: 18.3ms | Allocations: 14989)
Completed 200 OK in 71ms (Views: 20.5ms | ActiveRecord: 45.0ms | Allocations: 17636)


Started POST "/items" for ::1 at 2022-08-11 12:00:30 -0400
Processing by ItemsController#create as TURBO_STREAM
  Parameters: {"authenticity_token"=>"[FILTERED]", "item"=>{"name"=>""}, "commit"=>"Create Item"}
Completed 500 Internal Server Error in 15ms (ActiveRecord: 0.0ms | Allocations: 4133)


  
NameError (undefined local variable or method `new_item' for #<ItemsController:0x00000000053200>

    redirect_to new_item
                ^^^^^^^^
Did you mean?  new_item_url):
  
app/controllers/items_controller.rb:38:in `rescue in create'
app/controllers/items_controller.rb:23:in `create'
Started GET "/items/new" for ::1 at 2022-08-11 12:00:37 -0400
Processing by ItemsController#new as HTML
  Rendering layout layouts/application.html.erb
  Rendering items/new.html.erb within layouts/application
  Rendered items/_form.html.erb (Duration: 2.4ms | Allocations: 1107)
  Rendered items/new.html.erb within layouts/application (Duration: 3.2ms | Allocations: 1238)
  Rendered layout layouts/application.html.erb (Duration: 52.7ms | Allocations: 14990)
Completed 200 OK in 93ms (Views: 63.1ms | ActiveRecord: 25.8ms | Allocations: 17637)


Started POST "/items" for ::1 at 2022-08-11 12:00:38 -0400
Processing by ItemsController#create as TURBO_STREAM
  Parameters: {"authenticity_token"=>"[FILTERED]", "item"=>{"name"=>""}, "commit"=>"Create Item"}
Redirected to http://localhost:3000/items/new
Completed 302 Found in 2ms (ActiveRecord: 0.0ms | Allocations: 820)


Started GET "/items/new" for ::1 at 2022-08-11 12:00:38 -0400
Processing by ItemsController#new as TURBO_STREAM
  Rendering layout layouts/application.html.erb
  Rendering items/new.html.erb within layouts/application
  Rendered items/_form.html.erb (Duration: 0.8ms | Allocations: 849)
  Rendered items/new.html.erb within layouts/application (Duration: 1.0ms | Allocations: 1004)
  Rendered layout layouts/application.html.erb (Duration: 3.0ms | Allocations: 3203)
Completed 200 OK in 4ms (Views: 3.5ms | ActiveRecord: 0.0ms | Allocations: 3503)


Started POST "/items" for ::1 at 2022-08-11 12:00:39 -0400
Processing by ItemsController#create as TURBO_STREAM
  Parameters: {"authenticity_token"=>"[FILTERED]", "item"=>{"name"=>""}, "commit"=>"Create Item"}
Redirected to http://localhost:3000/items/new
Completed 302 Found in 2ms (ActiveRecord: 0.0ms | Allocations: 733)


Started GET "/items/new" for ::1 at 2022-08-11 12:00:39 -0400
Processing by ItemsController#new as TURBO_STREAM
  Rendering layout layouts/application.html.erb
  Rendering items/new.html.erb within layouts/application
  Rendered items/_form.html.erb (Duration: 1.9ms | Allocations: 828)
  Rendered items/new.html.erb within layouts/application (Duration: 2.4ms | Allocations: 939)
  Rendered layout layouts/application.html.erb (Duration: 9.5ms | Allocations: 3138)
Completed 200 OK in 12ms (Views: 10.4ms | ActiveRecord: 0.0ms | Allocations: 3423)


Started GET "/items/new" for ::1 at 2022-08-11 12:01:53 -0400
Processing by ItemsController#new as HTML
  Rendering layout layouts/application.html.erb
  Rendering items/new.html.erb within layouts/application
  Rendered items/_form.html.erb (Duration: 2.6ms | Allocations: 1155)
  Rendered items/new.html.erb within layouts/application (Duration: 2.8ms | Allocations: 1286)
  Rendered layout layouts/application.html.erb (Duration: 18.3ms | Allocations: 14934)
Completed 200 OK in 88ms (Views: 20.0ms | ActiveRecord: 61.6ms | Allocations: 17543)


Started POST "/items" for ::1 at 2022-08-11 12:01:55 -0400
Processing by ItemsController#create as TURBO_STREAM
  Parameters: {"authenticity_token"=>"[FILTERED]", "item"=>{"name"=>""}, "commit"=>"Create Item"}
  Rendering layout layouts/application.html.erb
  Rendering items/new.html.erb within layouts/application
  Rendered items/_form.html.erb (Duration: 15.9ms | Allocations: 7751)
  Rendered items/new.html.erb within layouts/application (Duration: 16.1ms | Allocations: 7838)
  Rendered layout layouts/application.html.erb (Duration: 16.2ms | Allocations: 7926)
Completed 500 Internal Server Error in 18ms (ActiveRecord: 0.0ms | Allocations: 8831)


  
ActionView::Template::Error (undefined method `New error' for #<Item id: nil, name: nil, created_at: nil, updated_at: nil>):
    11: 
    12:       <ul>
    13:         <% @item.errors.each do |error| %>
    14:           <li><%= error.full_message %></li>
    15:         <% end %>
    16:       </ul>
    17:     </div>
  
app/views/items/_form.html.erb:14
app/views/items/_form.html.erb:13
app/views/items/_form.html.erb:1
app/views/items/new.html.erb:3
app/controllers/items_controller.rb:38:in `rescue in create'
app/controllers/items_controller.rb:23:in `create'
Started GET "/items/new" for ::1 at 2022-08-11 12:02:23 -0400
Processing by ItemsController#new as HTML
  Rendering layout layouts/application.html.erb
  Rendering items/new.html.erb within layouts/application
  Rendered items/_form.html.erb (Duration: 2.4ms | Allocations: 1122)
  Rendered items/new.html.erb within layouts/application (Duration: 2.7ms | Allocations: 1253)
  Rendered layout layouts/application.html.erb (Duration: 18.8ms | Allocations: 14998)
Completed 200 OK in 72ms (Views: 21.2ms | ActiveRecord: 31.4ms | Allocations: 17644)


Started POST "/items" for ::1 at 2022-08-11 12:02:25 -0400
Processing by ItemsController#create as TURBO_STREAM
  Parameters: {"authenticity_token"=>"[FILTERED]", "item"=>{"name"=>""}, "commit"=>"Create Item"}
Completed 500 Internal Server Error in 9ms (ActiveRecord: 0.0ms | Allocations: 3441)


  
NoMethodError (undefined method `to_sym' for #<ActiveModel::ForbiddenAttributesError: ActiveModel::ForbiddenAttributesError>

        [attribute.to_sym, type, options]
                  ^^^^^^^
Did you mean?  to_s):
  
app/controllers/items_controller.rb:37:in `rescue in create'
app/controllers/items_controller.rb:23:in `create'
Started GET "/items/new" for ::1 at 2022-08-11 12:02:29 -0400
Processing by ItemsController#new as HTML
  Rendering layout layouts/application.html.erb
  Rendering items/new.html.erb within layouts/application
  Rendered items/_form.html.erb (Duration: 1.0ms | Allocations: 1155)
  Rendered items/new.html.erb within layouts/application (Duration: 1.1ms | Allocations: 1286)
  Rendered layout layouts/application.html.erb (Duration: 13.0ms | Allocations: 15031)
Completed 200 OK in 38ms (Views: 14.0ms | ActiveRecord: 21.0ms | Allocations: 17677)


Started POST "/items" for ::1 at 2022-08-11 12:02:30 -0400
Processing by ItemsController#create as TURBO_STREAM
  Parameters: {"authenticity_token"=>"[FILTERED]", "item"=>{"name"=>""}, "commit"=>"Create Item"}
  Rendering layout layouts/application.html.erb
  Rendering items/new.html.erb within layouts/application
  Rendered items/_form.html.erb (Duration: 32.0ms | Allocations: 7840)
  Rendered items/new.html.erb within layouts/application (Duration: 32.3ms | Allocations: 7927)
  Rendered layout layouts/application.html.erb (Duration: 32.4ms | Allocations: 8015)
Completed 500 Internal Server Error in 35ms (ActiveRecord: 0.0ms | Allocations: 8931)


  
ActionView::Template::Error (undefined method `#<ActiveModel::ForbiddenAttributesError: ActiveModel::ForbiddenAttributesError>' for #<Item id: nil, name: nil, created_at: nil, updated_at: nil>):
    11: 
    12:       <ul>
    13:         <% @item.errors.each do |error| %>
    14:           <li><%= error.full_message %></li>
    15:         <% end %>
    16:       </ul>
    17:     </div>
  
app/views/items/_form.html.erb:14
app/views/items/_form.html.erb:13
app/views/items/_form.html.erb:1
app/views/items/new.html.erb:3
app/controllers/items_controller.rb:38:in `rescue in create'
app/controllers/items_controller.rb:23:in `create'
Started GET "/items/new" for ::1 at 2022-08-11 12:02:48 -0400
Processing by ItemsController#new as HTML
  Rendering layout layouts/application.html.erb
  Rendering items/new.html.erb within layouts/application
  Rendered items/_form.html.erb (Duration: 2.7ms | Allocations: 1128)
  Rendered items/new.html.erb within layouts/application (Duration: 3.4ms | Allocations: 1259)
  Rendered layout layouts/application.html.erb (Duration: 13.9ms | Allocations: 15005)
Completed 200 OK in 64ms (Views: 16.0ms | ActiveRecord: 41.6ms | Allocations: 17652)


Started POST "/items" for ::1 at 2022-08-11 12:02:49 -0400
Processing by ItemsController#create as TURBO_STREAM
  Parameters: {"authenticity_token"=>"[FILTERED]", "item"=>{"name"=>""}, "commit"=>"Create Item"}
  Rendering layout layouts/application.html.erb
  Rendering items/new.html.erb within layouts/application
  Rendered items/_form.html.erb (Duration: 2.2ms | Allocations: 836)
  Rendered items/new.html.erb within layouts/application (Duration: 2.8ms | Allocations: 947)
  Rendered layout layouts/application.html.erb (Duration: 8.5ms | Allocations: 3138)
Completed 422 Unprocessable Entity in 11ms (Views: 9.2ms | ActiveRecord: 0.0ms | Allocations: 4050)


Started GET "/items/new" for ::1 at 2022-08-11 12:03:15 -0400
Processing by ItemsController#new as HTML
  Rendering layout layouts/application.html.erb
  Rendering items/new.html.erb within layouts/application
  Rendered items/_form.html.erb (Duration: 11.7ms | Allocations: 1155)
  Rendered items/new.html.erb within layouts/application (Duration: 12.0ms | Allocations: 1286)
  Rendered layout layouts/application.html.erb (Duration: 27.7ms | Allocations: 14934)
Completed 200 OK in 64ms (Views: 29.5ms | ActiveRecord: 30.7ms | Allocations: 17522)


Started POST "/items" for ::1 at 2022-08-11 12:03:16 -0400
Processing by ItemsController#create as TURBO_STREAM
  Parameters: {"authenticity_token"=>"[FILTERED]", "item"=>{"name"=>""}, "commit"=>"Create Item"}
  Rendering layout layouts/application.html.erb
  Rendering items/new.html.erb within layouts/application
  Rendered items/_form.html.erb (Duration: 1.7ms | Allocations: 826)
  Rendered items/new.html.erb within layouts/application (Duration: 2.2ms | Allocations: 937)
  Rendered layout layouts/application.html.erb (Duration: 11.4ms | Allocations: 3128)
Completed 422 Unprocessable Entity in 15ms (Views: 12.7ms | ActiveRecord: 0.0ms | Allocations: 4049)


Started GET "/items/new" for ::1 at 2022-08-11 12:03:28 -0400
Processing by ItemsController#new as HTML
  Rendering layout layouts/application.html.erb
  Rendering items/new.html.erb within layouts/application
  Rendered items/_form.html.erb (Duration: 2.5ms | Allocations: 1352)
  Rendered items/new.html.erb within layouts/application (Duration: 4.2ms | Allocations: 1715)
  Rendered layout layouts/application.html.erb (Duration: 7.5ms | Allocations: 4291)
Completed 200 OK in 12ms (Views: 10.0ms | ActiveRecord: 0.0ms | Allocations: 5158)


Started POST "/items" for ::1 at 2022-08-11 12:03:30 -0400
Processing by ItemsController#create as TURBO_STREAM
  Parameters: {"authenticity_token"=>"[FILTERED]", "item"=>{"name"=>""}, "commit"=>"Create Item"}
  Rendering layout layouts/application.html.erb
  Rendering items/new.html.erb within layouts/application
  Rendered items/_form.html.erb (Duration: 1.5ms | Allocations: 809)
  Rendered items/new.html.erb within layouts/application (Duration: 1.8ms | Allocations: 963)
  Rendered layout layouts/application.html.erb (Duration: 9.0ms | Allocations: 3154)
Completed 422 Unprocessable Entity in 13ms (Views: 9.9ms | ActiveRecord: 0.0ms | Allocations: 4104)


Started GET "/items" for ::1 at 2022-08-11 12:03:31 -0400
Processing by ItemsController#index as HTML
  Rendering layout layouts/application.html.erb
  Rendering items/index.html.erb within layouts/application
  [1m[36mItem Load (1.5ms)[0m  [1m[34mSELECT "items".* FROM "items"[0m
  ↳ app/views/items/index.html.erb:6
  Rendered items/index.html.erb within layouts/application (Duration: 43.8ms | Allocations: 1237)
  Rendered layout layouts/application.html.erb (Duration: 46.0ms | Allocations: 3450)
Completed 200 OK in 53ms (Views: 45.6ms | ActiveRecord: 1.5ms | Allocations: 3867)


Started GET "/items/1" for ::1 at 2022-08-11 12:03:32 -0400
Processing by ItemsController#show as HTML
  Parameters: {"id"=>"1"}
  [1m[36mItem Load (1.0ms)[0m  [1m[34mSELECT "items".* FROM "items" WHERE "items"."id" = $1 LIMIT $2[0m  [["id", 1], ["LIMIT", 1]]
  ↳ app/controllers/items_controller.rb:67:in `set_item'
  Rendering layout layouts/application.html.erb
  Rendering items/show.html.erb within layouts/application
  Rendered items/show.html.erb within layouts/application (Duration: 14.0ms | Allocations: 2534)
  Rendered layout layouts/application.html.erb (Duration: 14.4ms | Allocations: 2622)
Completed 500 Internal Server Error in 21ms (ActiveRecord: 1.0ms | Allocations: 4095)


  
ActionView::Template::Error (Missing partial items/_item with {:locale=>[:en], :formats=>[:html], :variants=>[], :handlers=>[:raw, :erb, :html, :builder, :ruby, :jbuilder]}.

Searched in:
  * "/Users/jcurcio/Development/fearless_test/app/views"
  * "/Users/jcurcio/.rvm/gems/ruby-3.1.2/gems/actiontext-7.0.3.1/app/views"
  * "/Users/jcurcio/.rvm/gems/ruby-3.1.2/gems/actionmailbox-7.0.3.1/app/views"
):
    1: <p style="color: green"><%= notice %></p>
    2: 
    3: <%= render @item %>
    4: 
    5: <div>
    6:   <%= link_to "Edit this item", edit_item_path(@item) %> |
  
app/views/items/show.html.erb:3
Started GET "/items/1" for ::1 at 2022-08-11 12:04:08 -0400
Processing by ItemsController#show as HTML
  Parameters: {"id"=>"1"}
  [1m[36mItem Load (0.8ms)[0m  [1m[34mSELECT "items".* FROM "items" WHERE "items"."id" = $1 LIMIT $2[0m  [["id", 1], ["LIMIT", 1]]
  ↳ app/controllers/items_controller.rb:67:in `set_item'
  Rendering layout layouts/application.html.erb
  Rendering items/show.html.erb within layouts/application
  Rendered items/_item.html.erb (Duration: 0.5ms | Allocations: 116)
  Rendered items/show.html.erb within layouts/application (Duration: 11.3ms | Allocations: 1154)
  Rendered layout layouts/application.html.erb (Duration: 24.5ms | Allocations: 3732)
Completed 200 OK in 34ms (Views: 27.6ms | ActiveRecord: 0.8ms | Allocations: 5093)


Started GET "/items/1" for ::1 at 2022-08-11 12:04:17 -0400
Processing by ItemsController#show as HTML
  Parameters: {"id"=>"1"}
  [1m[36mItem Load (0.5ms)[0m  [1m[34mSELECT "items".* FROM "items" WHERE "items"."id" = $1 LIMIT $2[0m  [["id", 1], ["LIMIT", 1]]
  ↳ app/controllers/items_controller.rb:67:in `set_item'
  Rendering layout layouts/application.html.erb
  Rendering items/show.html.erb within layouts/application
  Rendered items/_item.html.erb (Duration: 2.6ms | Allocations: 127)
  Rendered items/show.html.erb within layouts/application (Duration: 6.5ms | Allocations: 1152)
  Rendered layout layouts/application.html.erb (Duration: 17.6ms | Allocations: 3716)
Completed 200 OK in 27ms (Views: 19.6ms | ActiveRecord: 0.5ms | Allocations: 5169)


Started GET "/items/1/edit" for ::1 at 2022-08-11 12:04:22 -0400
Processing by ItemsController#edit as HTML
  Parameters: {"id"=>"1"}
  [1m[36mItem Load (0.8ms)[0m  [1m[34mSELECT "items".* FROM "items" WHERE "items"."id" = $1 LIMIT $2[0m  [["id", 1], ["LIMIT", 1]]
  ↳ app/controllers/items_controller.rb:67:in `set_item'
  Rendering layout layouts/application.html.erb
  Rendering items/edit.html.erb within layouts/application
  Rendered items/_form.html.erb (Duration: 9.7ms | Allocations: 1406)
  Rendered items/edit.html.erb within layouts/application (Duration: 11.6ms | Allocations: 1825)
  Rendered layout layouts/application.html.erb (Duration: 20.3ms | Allocations: 4390)
Completed 200 OK in 36ms (Views: 27.7ms | ActiveRecord: 0.8ms | Allocations: 5822)


Started PATCH "/items/1" for ::1 at 2022-08-11 12:04:25 -0400
Processing by ItemsController#update as TURBO_STREAM
  Parameters: {"authenticity_token"=>"[FILTERED]", "item"=>{"name"=>"An item"}, "commit"=>"Update Item", "id"=>"1"}
  [1m[36mItem Load (0.3ms)[0m  [1m[34mSELECT "items".* FROM "items" WHERE "items"."id" = $1 LIMIT $2[0m  [["id", 1], ["LIMIT", 1]]
  ↳ app/controllers/items_controller.rb:67:in `set_item'
Completed 500 Internal Server Error in 6ms (ActiveRecord: 0.3ms | Allocations: 1424)


  
ActiveModel::ForbiddenAttributesError (ActiveModel::ForbiddenAttributesError):
  
app/controllers/items_controller.rb:44:in `block in update'
app/controllers/items_controller.rb:43:in `update'
Started GET "/items/1" for ::1 at 2022-08-11 12:04:49 -0400
Processing by ItemsController#show as HTML
  Parameters: {"id"=>"1"}
  [1m[36mItem Load (1.0ms)[0m  [1m[34mSELECT "items".* FROM "items" WHERE "items"."id" = $1 LIMIT $2[0m  [["id", 1], ["LIMIT", 1]]
  ↳ app/controllers/items_controller.rb:67:in `set_item'
  Rendering layout layouts/application.html.erb
  Rendering items/show.html.erb within layouts/application
  Rendered items/_item.html.erb (Duration: 6.9ms | Allocations: 122)
  Rendered items/show.html.erb within layouts/application (Duration: 12.8ms | Allocations: 970)
  Rendered layout layouts/application.html.erb (Duration: 17.9ms | Allocations: 3175)
Completed 200 OK in 40ms (Views: 23.9ms | ActiveRecord: 1.0ms | Allocations: 4049)


Started GET "/items/1" for ::1 at 2022-08-11 12:04:49 -0400
Processing by ItemsController#show as HTML
  Parameters: {"id"=>"1"}
  [1m[36mItem Load (0.2ms)[0m  [1m[34mSELECT "items".* FROM "items" WHERE "items"."id" = $1 LIMIT $2[0m  [["id", 1], ["LIMIT", 1]]
  ↳ app/controllers/items_controller.rb:67:in `set_item'
  Rendering layout layouts/application.html.erb
  Rendering items/show.html.erb within layouts/application
  Rendered items/_item.html.erb (Duration: 0.1ms | Allocations: 18)
  Rendered items/show.html.erb within layouts/application (Duration: 5.4ms | Allocations: 577)
  Rendered layout layouts/application.html.erb (Duration: 13.2ms | Allocations: 2768)
Completed 200 OK in 19ms (Views: 16.7ms | ActiveRecord: 0.2ms | Allocations: 3546)


Started GET "/items/1/edit" for ::1 at 2022-08-11 12:04:50 -0400
Processing by ItemsController#edit as HTML
  Parameters: {"id"=>"1"}
  [1m[36mItem Load (0.3ms)[0m  [1m[34mSELECT "items".* FROM "items" WHERE "items"."id" = $1 LIMIT $2[0m  [["id", 1], ["LIMIT", 1]]
  ↳ app/controllers/items_controller.rb:67:in `set_item'
  Rendering layout layouts/application.html.erb
  Rendering items/edit.html.erb within layouts/application
  Rendered items/_form.html.erb (Duration: 3.2ms | Allocations: 866)
  Rendered items/edit.html.erb within layouts/application (Duration: 3.6ms | Allocations: 1010)
  Rendered layout layouts/application.html.erb (Duration: 13.0ms | Allocations: 3201)
Completed 200 OK in 17ms (Views: 13.8ms | ActiveRecord: 0.3ms | Allocations: 3982)


Started PATCH "/items/1" for ::1 at 2022-08-11 12:04:52 -0400
Processing by ItemsController#update as TURBO_STREAM
  Parameters: {"authenticity_token"=>"[FILTERED]", "item"=>{"name"=>"New"}, "commit"=>"Update Item", "id"=>"1"}
  [1m[36mItem Load (0.4ms)[0m  [1m[34mSELECT "items".* FROM "items" WHERE "items"."id" = $1 LIMIT $2[0m  [["id", 1], ["LIMIT", 1]]
  ↳ app/controllers/items_controller.rb:67:in `set_item'
Completed 500 Internal Server Error in 8ms (ActiveRecord: 0.4ms | Allocations: 1282)


  
ActiveModel::ForbiddenAttributesError (ActiveModel::ForbiddenAttributesError):
  
app/controllers/items_controller.rb:44:in `block in update'
app/controllers/items_controller.rb:43:in `update'
Started GET "/items/1" for ::1 at 2022-08-11 12:05:08 -0400
Processing by ItemsController#show as HTML
  Parameters: {"id"=>"1"}
  [1m[36mItem Load (0.6ms)[0m  [1m[34mSELECT "items".* FROM "items" WHERE "items"."id" = $1 LIMIT $2[0m  [["id", 1], ["LIMIT", 1]]
  ↳ app/controllers/items_controller.rb:67:in `set_item'
  Rendering layout layouts/application.html.erb
  Rendering items/show.html.erb within layouts/application
  Rendered items/_item.html.erb (Duration: 0.1ms | Allocations: 18)
  Rendered items/show.html.erb within layouts/application (Duration: 2.9ms | Allocations: 586)
  Rendered layout layouts/application.html.erb (Duration: 22.8ms | Allocations: 2791)
Completed 200 OK in 33ms (Views: 23.8ms | ActiveRecord: 0.6ms | Allocations: 3575)


Started GET "/items/1" for ::1 at 2022-08-11 12:05:09 -0400
Processing by ItemsController#show as HTML
  Parameters: {"id"=>"1"}
  [1m[36mItem Load (0.3ms)[0m  [1m[34mSELECT "items".* FROM "items" WHERE "items"."id" = $1 LIMIT $2[0m  [["id", 1], ["LIMIT", 1]]
  ↳ app/controllers/items_controller.rb:67:in `set_item'
  Rendering layout layouts/application.html.erb
  Rendering items/show.html.erb within layouts/application
  Rendered items/_item.html.erb (Duration: 0.0ms | Allocations: 18)
  Rendered items/show.html.erb within layouts/application (Duration: 0.6ms | Allocations: 589)
  Rendered layout layouts/application.html.erb (Duration: 4.9ms | Allocations: 2780)
Completed 200 OK in 17ms (Views: 5.8ms | ActiveRecord: 0.3ms | Allocations: 3558)


Started GET "/items/1/edit" for ::1 at 2022-08-11 12:05:31 -0400
Processing by ItemsController#edit as HTML
  Parameters: {"id"=>"1"}
  [1m[36mItem Load (0.7ms)[0m  [1m[34mSELECT "items".* FROM "items" WHERE "items"."id" = $1 LIMIT $2[0m  [["id", 1], ["LIMIT", 1]]
  ↳ app/controllers/items_controller.rb:70:in `set_item'
  Rendering layout layouts/application.html.erb
  Rendering items/edit.html.erb within layouts/application
  Rendered items/_form.html.erb (Duration: 3.2ms | Allocations: 1154)
  Rendered items/edit.html.erb within layouts/application (Duration: 3.7ms | Allocations: 1331)
  Rendered layout layouts/application.html.erb (Duration: 13.1ms | Allocations: 15050)
Completed 200 OK in 100ms (Views: 14.4ms | ActiveRecord: 67.0ms | Allocations: 18921)


Started PATCH "/items/1" for ::1 at 2022-08-11 12:05:34 -0400
Processing by ItemsController#update as TURBO_STREAM
  Parameters: {"authenticity_token"=>"[FILTERED]", "item"=>{"name"=>"New"}, "commit"=>"Update Item", "id"=>"1"}
  [1m[36mItem Load (0.4ms)[0m  [1m[34mSELECT "items".* FROM "items" WHERE "items"."id" = $1 LIMIT $2[0m  [["id", 1], ["LIMIT", 1]]
  ↳ app/controllers/items_controller.rb:70:in `set_item'
*********************
{"name"=>"New"}
*********************
Completed 500 Internal Server Error in 15ms (ActiveRecord: 0.4ms | Allocations: 1482)


  
ActiveModel::ForbiddenAttributesError (ActiveModel::ForbiddenAttributesError):
  
app/controllers/items_controller.rb:47:in `block in update'
app/controllers/items_controller.rb:43:in `update'
  [1m[36mItem Load (0.9ms)[0m  [1m[34mSELECT "items".* FROM "items" ORDER BY "items"."id" DESC LIMIT $1[0m  [["LIMIT", 1]]
  [1m[36mTRANSACTION (0.2ms)[0m  [1m[35mBEGIN[0m
  [1m[36mItem Update (9.7ms)[0m  [1m[33mUPDATE "items" SET "name" = $1, "updated_at" = $2 WHERE "items"."id" = $3[0m  [["name", "new"], ["updated_at", "2022-08-11 16:06:03.185147"], ["id", 1]]
  [1m[36mTRANSACTION (1.8ms)[0m  [1m[35mCOMMIT[0m
Started GET "/items/1/edit" for ::1 at 2022-08-11 12:06:06 -0400
Processing by ItemsController#edit as HTML
  Parameters: {"id"=>"1"}
  [1m[36mItem Load (0.6ms)[0m  [1m[34mSELECT "items".* FROM "items" WHERE "items"."id" = $1 LIMIT $2[0m  [["id", 1], ["LIMIT", 1]]
  ↳ app/controllers/items_controller.rb:70:in `set_item'
  Rendering layout layouts/application.html.erb
  Rendering items/edit.html.erb within layouts/application
  Rendered items/_form.html.erb (Duration: 2.8ms | Allocations: 872)
  Rendered items/edit.html.erb within layouts/application (Duration: 3.5ms | Allocations: 1016)
  Rendered layout layouts/application.html.erb (Duration: 10.5ms | Allocations: 3221)
Completed 200 OK in 19ms (Views: 11.4ms | ActiveRecord: 0.6ms | Allocations: 4014)


Started PATCH "/items/1" for ::1 at 2022-08-11 12:06:09 -0400
Processing by ItemsController#update as TURBO_STREAM
  Parameters: {"authenticity_token"=>"[FILTERED]", "item"=>{"name"=>"newwww"}, "commit"=>"Update Item", "id"=>"1"}
  [1m[36mItem Load (0.4ms)[0m  [1m[34mSELECT "items".* FROM "items" WHERE "items"."id" = $1 LIMIT $2[0m  [["id", 1], ["LIMIT", 1]]
  ↳ app/controllers/items_controller.rb:70:in `set_item'
*********************
{"name"=>"newwww"}
*********************
Completed 500 Internal Server Error in 5ms (ActiveRecord: 0.4ms | Allocations: 1328)


  
ActiveModel::ForbiddenAttributesError (ActiveModel::ForbiddenAttributesError):
  
app/controllers/items_controller.rb:47:in `block in update'
app/controllers/items_controller.rb:43:in `update'
  [1m[36mTRANSACTION (0.5ms)[0m  [1m[35mBEGIN[0m
  [1m[36mItem Update (6.0ms)[0m  [1m[33mUPDATE "items" SET "name" = $1, "updated_at" = $2 WHERE "items"."id" = $3[0m  [["name", "newwww"], ["updated_at", "2022-08-11 16:06:25.434560"], ["id", 1]]
  [1m[36mTRANSACTION (0.8ms)[0m  [1m[35mCOMMIT[0m
Started GET "/items/1/edit" for ::1 at 2022-08-11 12:06:31 -0400
Processing by ItemsController#edit as HTML
  Parameters: {"id"=>"1"}
  [1m[36mItem Load (0.5ms)[0m  [1m[34mSELECT "items".* FROM "items" WHERE "items"."id" = $1 LIMIT $2[0m  [["id", 1], ["LIMIT", 1]]
  ↳ app/controllers/items_controller.rb:70:in `set_item'
  Rendering layout layouts/application.html.erb
  Rendering items/edit.html.erb within layouts/application
  Rendered items/_form.html.erb (Duration: 3.0ms | Allocations: 869)
  Rendered items/edit.html.erb within layouts/application (Duration: 3.2ms | Allocations: 1013)
  Rendered layout layouts/application.html.erb (Duration: 6.3ms | Allocations: 3218)
Completed 200 OK in 11ms (Views: 6.7ms | ActiveRecord: 0.5ms | Allocations: 3999)


Started PATCH "/items/1" for ::1 at 2022-08-11 12:06:46 -0400
Processing by ItemsController#update as TURBO_STREAM
  Parameters: {"authenticity_token"=>"[FILTERED]", "item"=>{"name"=>"newwww"}, "commit"=>"Update Item", "id"=>"1"}
  [1m[36mItem Load (13.5ms)[0m  [1m[34mSELECT "items".* FROM "items" WHERE "items"."id" = $1 LIMIT $2[0m  [["id", 1], ["LIMIT", 1]]
  ↳ app/controllers/items_controller.rb:70:in `set_item'
*********************
{"name"=>"newwww"}
*********************
Completed 500 Internal Server Error in 31ms (ActiveRecord: 13.5ms | Allocations: 1322)


  
ActiveModel::ForbiddenAttributesError (ActiveModel::ForbiddenAttributesError):
  
app/controllers/items_controller.rb:47:in `block in update'
app/controllers/items_controller.rb:43:in `update'
Started GET "/items/1/edit" for ::1 at 2022-08-11 12:07:21 -0400
Processing by ItemsController#edit as HTML
  Parameters: {"id"=>"1"}
  [1m[36mItem Load (0.2ms)[0m  [1m[34mSELECT "items".* FROM "items" WHERE "items"."id" = $1 LIMIT $2[0m  [["id", 1], ["LIMIT", 1]]
  ↳ app/controllers/items_controller.rb:70:in `set_item'
  Rendering layout layouts/application.html.erb
  Rendering items/edit.html.erb within layouts/application
  Rendered items/_form.html.erb (Duration: 1.8ms | Allocations: 1151)
  Rendered items/edit.html.erb within layouts/application (Duration: 2.0ms | Allocations: 1328)
  Rendered layout layouts/application.html.erb (Duration: 45.2ms | Allocations: 15062)
Completed 200 OK in 112ms (Views: 48.4ms | ActiveRecord: 55.7ms | Allocations: 18933)


Started PATCH "/items/1" for ::1 at 2022-08-11 12:07:23 -0400
Processing by ItemsController#update as TURBO_STREAM
  Parameters: {"authenticity_token"=>"[FILTERED]", "item"=>{"name"=>"newwww"}, "commit"=>"Update Item", "id"=>"1"}
  [1m[36mItem Load (0.7ms)[0m  [1m[34mSELECT "items".* FROM "items" WHERE "items"."id" = $1 LIMIT $2[0m  [["id", 1], ["LIMIT", 1]]
  ↳ app/controllers/items_controller.rb:70:in `set_item'
*********************
{"name"=>"newwww"}
*********************
Completed 500 Internal Server Error in 17ms (ActiveRecord: 0.7ms | Allocations: 1465)


  
ActiveModel::ForbiddenAttributesError (ActiveModel::ForbiddenAttributesError):
  
app/controllers/items_controller.rb:47:in `block in update'
app/controllers/items_controller.rb:43:in `update'
Started GET "/items/1/edit" for ::1 at 2022-08-11 12:07:59 -0400
Processing by ItemsController#edit as HTML
  Parameters: {"id"=>"1"}
  [1m[36mItem Load (0.7ms)[0m  [1m[34mSELECT "items".* FROM "items" WHERE "items"."id" = $1 LIMIT $2[0m  [["id", 1], ["LIMIT", 1]]
  ↳ app/controllers/items_controller.rb:70:in `set_item'
  Rendering layout layouts/application.html.erb
  Rendering items/edit.html.erb within layouts/application
  Rendered items/_form.html.erb (Duration: 1.8ms | Allocations: 1145)
  Rendered items/edit.html.erb within layouts/application (Duration: 2.2ms | Allocations: 1322)
  Rendered layout layouts/application.html.erb (Duration: 19.9ms | Allocations: 14958)
Completed 200 OK in 73ms (Views: 21.1ms | ActiveRecord: 38.9ms | Allocations: 18769)


Started PATCH "/items/1" for ::1 at 2022-08-11 12:08:01 -0400
Processing by ItemsController#update as TURBO_STREAM
  Parameters: {"authenticity_token"=>"[FILTERED]", "item"=>{"name"=>"newwww"}, "commit"=>"Update Item", "id"=>"1"}
  [1m[36mItem Load (0.3ms)[0m  [1m[34mSELECT "items".* FROM "items" WHERE "items"."id" = $1 LIMIT $2[0m  [["id", 1], ["LIMIT", 1]]
  ↳ app/controllers/items_controller.rb:70:in `set_item'
*********************
{"name"=>"newwww"}
*********************
Redirected to http://localhost:3000/items/1
Completed 302 Found in 9ms (ActiveRecord: 0.3ms | Allocations: 1522)


Started GET "/items/1" for ::1 at 2022-08-11 12:08:01 -0400
Processing by ItemsController#show as TURBO_STREAM
  Parameters: {"id"=>"1"}
  [1m[36mItem Load (0.3ms)[0m  [1m[34mSELECT "items".* FROM "items" WHERE "items"."id" = $1 LIMIT $2[0m  [["id", 1], ["LIMIT", 1]]
  ↳ app/controllers/items_controller.rb:70:in `set_item'
  Rendering layout layouts/application.html.erb
  Rendering items/show.html.erb within layouts/application
  Rendered items/_item.html.erb (Duration: 0.2ms | Allocations: 20)
  Rendered items/show.html.erb within layouts/application (Duration: 5.7ms | Allocations: 724)
  Rendered layout layouts/application.html.erb (Duration: 8.8ms | Allocations: 2929)
Completed 200 OK in 12ms (Views: 9.2ms | ActiveRecord: 0.3ms | Allocations: 3773)


Started GET "/items/1/edit" for ::1 at 2022-08-11 12:08:04 -0400
Processing by ItemsController#edit as HTML
  Parameters: {"id"=>"1"}
  [1m[36mItem Load (0.2ms)[0m  [1m[34mSELECT "items".* FROM "items" WHERE "items"."id" = $1 LIMIT $2[0m  [["id", 1], ["LIMIT", 1]]
  ↳ app/controllers/items_controller.rb:70:in `set_item'
  Rendering layout layouts/application.html.erb
  Rendering items/edit.html.erb within layouts/application
  Rendered items/_form.html.erb (Duration: 1.8ms | Allocations: 857)
  Rendered items/edit.html.erb within layouts/application (Duration: 2.5ms | Allocations: 1001)
  Rendered layout layouts/application.html.erb (Duration: 9.7ms | Allocations: 3192)
Completed 200 OK in 13ms (Views: 10.2ms | ActiveRecord: 0.2ms | Allocations: 3973)


Started GET "/items" for ::1 at 2022-08-11 12:08:05 -0400
Processing by ItemsController#index as HTML
  Rendering layout layouts/application.html.erb
  Rendering items/index.html.erb within layouts/application
  [1m[36mItem Load (0.6ms)[0m  [1m[34mSELECT "items".* FROM "items"[0m
  ↳ app/views/items/index.html.erb:6
  Rendered items/index.html.erb within layouts/application (Duration: 6.0ms | Allocations: 1118)
  Rendered layout layouts/application.html.erb (Duration: 9.6ms | Allocations: 3317)
Completed 200 OK in 12ms (Views: 9.6ms | ActiveRecord: 0.6ms | Allocations: 3699)


Started GET "/items/1" for ::1 at 2022-08-11 12:08:06 -0400
Processing by ItemsController#show as HTML
  Parameters: {"id"=>"1"}
  [1m[36mItem Load (0.6ms)[0m  [1m[34mSELECT "items".* FROM "items" WHERE "items"."id" = $1 LIMIT $2[0m  [["id", 1], ["LIMIT", 1]]
  ↳ app/controllers/items_controller.rb:70:in `set_item'
  Rendering layout layouts/application.html.erb
  Rendering items/show.html.erb within layouts/application
  Rendered items/_item.html.erb (Duration: 0.1ms | Allocations: 18)
  Rendered items/show.html.erb within layouts/application (Duration: 1.1ms | Allocations: 553)
  Rendered layout layouts/application.html.erb (Duration: 5.8ms | Allocations: 2752)
Completed 200 OK in 11ms (Views: 7.1ms | ActiveRecord: 0.6ms | Allocations: 3533)


Started GET "/items/1.json" for ::1 at 2022-08-11 12:10:52 -0400
Processing by ItemsController#show as JSON
  Parameters: {"id"=>"1"}
  [1m[36mItem Load (0.5ms)[0m  [1m[34mSELECT "items".* FROM "items" WHERE "items"."id" = $1 LIMIT $2[0m  [["id", 1], ["LIMIT", 1]]
  ↳ app/controllers/items_controller.rb:67:in `set_item'
  Rendering items/show.json.jbuilder
  Rendered items/_item.json.jbuilder (Duration: 0.6ms | Allocations: 256)
  Rendered items/show.json.jbuilder (Duration: 1.7ms | Allocations: 673)
Completed 200 OK in 37ms (Views: 2.9ms | ActiveRecord: 23.8ms | Allocations: 4729)


